<?xml version="1.0" encoding="UTF-8"?>
<testsuite xmlns:xsi="http://www.w3.org/2001/XMLSchema-instance" xsi:noNamespaceSchemaLocation="https://maven.apache.org/surefire/maven-surefire-plugin/xsd/surefire-test-report-3.0.xsd" version="3.0" name="assign251_3.MemAppenderTest" time="0.171" tests="4" errors="0" skipped="0" failures="0">
  <properties>
    <property name="java.specification.version" value="17"/>
    <property name="sun.cpu.isalist" value="amd64"/>
    <property name="sun.jnu.encoding" value="Cp1252"/>
    <property name="java.class.path" value="C:\Users\GGPC\IdeaProjects\MAVEN STUFF\assign251_3\target\test-classes;C:\Users\GGPC\IdeaProjects\MAVEN STUFF\assign251_3\target\classes;C:\Users\GGPC\.m2\repository\org\apache\logging\log4j\log4j-core\2.20.0\log4j-core-2.20.0.jar;C:\Users\GGPC\.m2\repository\org\apache\logging\log4j\log4j-api\2.20.0\log4j-api-2.20.0.jar;C:\Users\GGPC\.m2\repository\org\junit\jupiter\junit-jupiter\5.10.0\junit-jupiter-5.10.0.jar;C:\Users\GGPC\.m2\repository\org\junit\jupiter\junit-jupiter-api\5.10.0\junit-jupiter-api-5.10.0.jar;C:\Users\GGPC\.m2\repository\org\opentest4j\opentest4j\1.3.0\opentest4j-1.3.0.jar;C:\Users\GGPC\.m2\repository\org\junit\platform\junit-platform-commons\1.10.0\junit-platform-commons-1.10.0.jar;C:\Users\GGPC\.m2\repository\org\apiguardian\apiguardian-api\1.1.2\apiguardian-api-1.1.2.jar;C:\Users\GGPC\.m2\repository\org\junit\jupiter\junit-jupiter-params\5.10.0\junit-jupiter-params-5.10.0.jar;C:\Users\GGPC\.m2\repository\org\junit\jupiter\junit-jupiter-engine\5.10.0\junit-jupiter-engine-5.10.0.jar;C:\Users\GGPC\.m2\repository\org\junit\platform\junit-platform-engine\1.10.0\junit-platform-engine-1.10.0.jar;"/>
    <property name="java.vm.vendor" value="Eclipse Adoptium"/>
    <property name="sun.arch.data.model" value="64"/>
    <property name="user.variant" value=""/>
    <property name="java.vendor.url" value="https://adoptium.net/"/>
    <property name="user.timezone" value="Pacific/Auckland"/>
    <property name="os.name" value="Windows 11"/>
    <property name="java.vm.specification.version" value="17"/>
    <property name="sun.java.launcher" value="SUN_STANDARD"/>
    <property name="user.country" value="NZ"/>
    <property name="sun.boot.library.path" value="C:\Users\GGPC\AppData\Local\Programs\Eclipse Adoptium\jdk-17.0.9.9-hotspot\bin"/>
    <property name="sun.java.command" value="C:\Users\GGPC\AppData\Local\Temp\surefire18350260567723446825\surefirebooter-20241020162756277_3.jar C:\Users\GGPC\AppData\Local\Temp\surefire18350260567723446825 2024-10-20T16-27-55_994-jvmRun1 surefire-20241020162756277_1tmp surefire_0-20241020162756277_2tmp"/>
    <property name="jdk.debug" value="release"/>
    <property name="surefire.test.class.path" value="C:\Users\GGPC\IdeaProjects\MAVEN STUFF\assign251_3\target\test-classes;C:\Users\GGPC\IdeaProjects\MAVEN STUFF\assign251_3\target\classes;C:\Users\GGPC\.m2\repository\org\apache\logging\log4j\log4j-core\2.20.0\log4j-core-2.20.0.jar;C:\Users\GGPC\.m2\repository\org\apache\logging\log4j\log4j-api\2.20.0\log4j-api-2.20.0.jar;C:\Users\GGPC\.m2\repository\org\junit\jupiter\junit-jupiter\5.10.0\junit-jupiter-5.10.0.jar;C:\Users\GGPC\.m2\repository\org\junit\jupiter\junit-jupiter-api\5.10.0\junit-jupiter-api-5.10.0.jar;C:\Users\GGPC\.m2\repository\org\opentest4j\opentest4j\1.3.0\opentest4j-1.3.0.jar;C:\Users\GGPC\.m2\repository\org\junit\platform\junit-platform-commons\1.10.0\junit-platform-commons-1.10.0.jar;C:\Users\GGPC\.m2\repository\org\apiguardian\apiguardian-api\1.1.2\apiguardian-api-1.1.2.jar;C:\Users\GGPC\.m2\repository\org\junit\jupiter\junit-jupiter-params\5.10.0\junit-jupiter-params-5.10.0.jar;C:\Users\GGPC\.m2\repository\org\junit\jupiter\junit-jupiter-engine\5.10.0\junit-jupiter-engine-5.10.0.jar;C:\Users\GGPC\.m2\repository\org\junit\platform\junit-platform-engine\1.10.0\junit-platform-engine-1.10.0.jar;"/>
    <property name="sun.cpu.endian" value="little"/>
    <property name="user.home" value="C:\Users\GGPC"/>
    <property name="user.language" value="en"/>
    <property name="java.specification.vendor" value="Oracle Corporation"/>
    <property name="java.version.date" value="2023-10-17"/>
    <property name="java.home" value="C:\Users\GGPC\AppData\Local\Programs\Eclipse Adoptium\jdk-17.0.9.9-hotspot"/>
    <property name="file.separator" value="\"/>
    <property name="basedir" value="C:\Users\GGPC\IdeaProjects\MAVEN STUFF\assign251_3"/>
    <property name="java.vm.compressedOopsMode" value="Zero based"/>
    <property name="line.separator" value="&#10;"/>
    <property name="java.vm.specification.vendor" value="Oracle Corporation"/>
    <property name="java.specification.name" value="Java Platform API Specification"/>
    <property name="surefire.real.class.path" value="C:\Users\GGPC\AppData\Local\Temp\surefire18350260567723446825\surefirebooter-20241020162756277_3.jar"/>
    <property name="user.script" value=""/>
    <property name="sun.management.compiler" value="HotSpot 64-Bit Tiered Compilers"/>
    <property name="java.runtime.version" value="17.0.9+9"/>
    <property name="user.name" value="GGPC"/>
    <property name="path.separator" value=";"/>
    <property name="os.version" value="10.0"/>
    <property name="java.runtime.name" value="OpenJDK Runtime Environment"/>
    <property name="file.encoding" value="Cp1252"/>
    <property name="java.vm.name" value="OpenJDK 64-Bit Server VM"/>
    <property name="java.vendor.version" value="Temurin-17.0.9+9"/>
    <property name="localRepository" value="C:\Users\GGPC\.m2\repository"/>
    <property name="java.vendor.url.bug" value="https://github.com/adoptium/adoptium-support/issues"/>
    <property name="java.io.tmpdir" value="C:\Users\GGPC\AppData\Local\Temp\"/>
    <property name="java.version" value="17.0.9"/>
    <property name="user.dir" value="C:\Users\GGPC\IdeaProjects\MAVEN STUFF\assign251_3"/>
    <property name="os.arch" value="amd64"/>
    <property name="java.vm.specification.name" value="Java Virtual Machine Specification"/>
    <property name="sun.os.patch.level" value=""/>
    <property name="native.encoding" value="Cp1252"/>
    <property name="java.library.path" value="C:\Users\GGPC\AppData\Local\Programs\Eclipse Adoptium\jdk-17.0.9.9-hotspot\bin;C:\Windows\Sun\Java\bin;C:\Windows\system32;C:\Windows;C:\Program Files (x86)\Common Files\Oracle\Java\java8path;C:\Program Files (x86)\Common Files\Oracle\Java\javapath;C:\Program Files\Python312\Scripts\;C:\Program Files\Python312\;C:\Program Files\Eclipse Adoptium\jdk-17.0.10.7-hotspot\bin;C:\Program Files\Eclipse Adoptium\jdk-8.0.402.6-hotspot\bin;C:\Windows\system32;C:\Windows;C:\Windows\System32\Wbem;C:\Windows\System32\WindowsPowerShell\v1.0\;C:\Windows\System32\OpenSSH\;C:\Program Files (x86)\NVIDIA Corporation\PhysX\Common;C:\Program Files\NVIDIA Corporation\NVIDIA NvDLISR;C:\Program Files\PuTTY\;C:\MinGW\mingw64\bin\;C:\MinGW\x86_64-w64-mingw32\lib\;C:\Program Files\Git\cmd;C:\Program Files\dotnet\;C:\Users\GGPC\Documents\maven\apache-maven-3.9.8-bin\apache-maven-3.9.8\bin;C:\Users\GGPC\.cargo\bin;C:\Users\GGPC\AppData\Local\Programs\Python\Python312\python.exe;C:\Users\GGPC\AppData\Local\Programs\Eclipse Adoptium\jdk-17.0.9.9-hotspot\bin;C:\Users\GGPC\AppData\Local\Microsoft\WindowsApps;C:\msys64\mingw64\bin;C:\Users\GGPC\.dotnet\tools;C:\Users\GGPC\AppData\Local\GitHubDesktop\bin;C:\Users\GGPC\AppData\Local\Packages\PythonSoftwareFoundation.Python.3.12_qbz5n2kfra8p0\LocalCache\local-packages\Python312\Scripts;C:\Users\GGPC\AppData\Local\Programs\Microsoft VS Code\bin;C:\Program Files\Python312;;C:\ghcup\bin;."/>
    <property name="java.vm.info" value="mixed mode, sharing"/>
    <property name="java.vendor" value="Eclipse Adoptium"/>
    <property name="java.vm.version" value="17.0.9+9"/>
    <property name="sun.io.unicode.encoding" value="UnicodeLittle"/>
    <property name="java.class.version" value="61.0"/>
  </properties>
  <testcase name="testPrintLogsAndClear" classname="assign251_3.MemAppenderTest" time="0.162">
    <system-out><![CDATA[16:27:56.816 [main] INFO  assign251_3.MemAppenderTest - Print Test 1
Captured log: Print Test 1
16:27:56.818 [main] INFO  assign251_3.MemAppenderTest - Print Test 2
Captured log: Print Test 2
[INFO] assign251_3.MemAppenderTest: Print Test 1

[INFO] assign251_3.MemAppenderTest: Print Test 2

]]></system-out>
  </testcase>
  <testcase name="testDiscardingOldLogs" classname="assign251_3.MemAppenderTest" time="0.003">
    <system-out><![CDATA[16:27:56.821 [main] INFO  assign251_3.MemAppenderTest - Message 1
Captured log: Message 1
16:27:56.822 [main] INFO  assign251_3.MemAppenderTest - Message 2
Captured log: Message 2
16:27:56.822 [main] INFO  assign251_3.MemAppenderTest - Message 3
Captured log: Message 3
16:27:56.822 [main] INFO  assign251_3.MemAppenderTest - Message 4
Captured log: Message 4
]]></system-out>
  </testcase>
  <testcase name="testGetEventStrings" classname="assign251_3.MemAppenderTest" time="0.001">
    <system-out><![CDATA[16:27:56.824 [main] INFO  assign251_3.MemAppenderTest - String Test 1
Captured log: String Test 1
16:27:56.824 [main] INFO  assign251_3.MemAppenderTest - String Test 2
Captured log: String Test 2
]]></system-out>
  </testcase>
  <testcase name="testLogCapture" classname="assign251_3.MemAppenderTest" time="0.001">
    <system-out><![CDATA[16:27:56.825 [main] INFO  assign251_3.MemAppenderTest - First message
Captured log: First message
16:27:56.825 [main] INFO  assign251_3.MemAppenderTest - Second message
Captured log: Second message
16:27:56.826 [main] INFO  assign251_3.MemAppenderTest - Third message
Captured log: Third message
Number of captured events: 3
]]></system-out>
  </testcase>
</testsuite>